# JRE version: Java(TM) SE Runtime Environment (8.0_65-b17) (build 1.8.0_65-b17)
# Java VM: Java HotSpot(TM) 64-Bit Server VM (25.65-b01 mixed mode windows-amd64 compressed oops)
Heap:
 PSYoungGen      total 596992K, used 22362K [0x00000000d6000000, 0x0000000100000000, 0x0000000100000000)
  eden space 505856K, 0% used [0x00000000d6000000,0x00000000d6000000,0x00000000f4e00000)
  from space 91136K, 24% used [0x00000000f4e00000,0x00000000f63d6820,0x00000000fa700000)
  to   space 90112K, 0% used [0x00000000fa800000,0x00000000fa800000,0x0000000100000000)
 ParOldGen       total 516096K, used 506588K [0x0000000082000000, 0x00000000a1800000, 0x00000000d6000000)
  object space 516096K, 98% used [0x0000000082000000,0x00000000a0eb70b8,0x00000000a1800000)
 Metaspace       used 320037K, capacity 323058K, committed 323456K, reserved 1333248K
  class space    used 38852K, capacity 39453K, committed 39552K, reserved 1048576K
GC Heap History (10 events):
Event: 5246.787 GC heap after
Heap after GC invocations=54 (full 7):
 PSYoungGen      total 575488K, used 36268K [0x00000000d6000000, 0x00000000ff980000, 0x0000000100000000)
  eden space 477184K, 0% used [0x00000000d6000000,0x00000000d6000000,0x00000000f3200000)
  from space 98304K, 36% used [0x00000000f3200000,0x00000000f556b348,0x00000000f9200000)
  to   space 93696K, 0% used [0x00000000f9e00000,0x00000000f9e00000,0x00000000ff980000)
 ParOldGen       total 516096K, used 438198K [0x0000000082000000, 0x00000000a1800000, 0x00000000d6000000)
  object space 516096K, 84% used [0x0000000082000000,0x000000009cbed9e0,0x00000000a1800000)
 Metaspace       used 279106K, capacity 281828K, committed 282112K, reserved 1296384K
  class space    used 33645K, capacity 34176K, committed 34304K, reserved 1048576K
}
Event: 5252.077 GC heap before
{Heap before GC invocations=55 (full 7):
 PSYoungGen      total 575488K, used 513452K [0x00000000d6000000, 0x00000000ff980000, 0x0000000100000000)
  eden space 477184K, 100% used [0x00000000d6000000,0x00000000f3200000,0x00000000f3200000)
  from space 98304K, 36% used [0x00000000f3200000,0x00000000f556b348,0x00000000f9200000)
  to   space 93696K, 0% used [0x00000000f9e00000,0x00000000f9e00000,0x00000000ff980000)
 ParOldGen       total 516096K, used 438198K [0x0000000082000000, 0x00000000a1800000, 0x00000000d6000000)
  object space 516096K, 84% used [0x0000000082000000,0x000000009cbed9e0,0x00000000a1800000)
 Metaspace       used 297814K, capacity 300540K, committed 300928K, reserved 1314816K
  class space    used 35933K, capacity 36468K, committed 36480K, reserved 1048576K
Event: 5252.113 GC heap after
Heap after GC invocations=55 (full 7):
 PSYoungGen      total 585728K, used 30119K [0x00000000d6000000, 0x00000000ff580000, 0x0000000100000000)
  eden space 496128K, 0% used [0x00000000d6000000,0x00000000d6000000,0x00000000f4480000)
  from space 89600K, 33% used [0x00000000f9e00000,0x00000000fbb69fb0,0x00000000ff580000)
  to   space 90624K, 0% used [0x00000000f4480000,0x00000000f4480000,0x00000000f9d00000)
 ParOldGen       total 516096K, used 438198K [0x0000000082000000, 0x00000000a1800000, 0x00000000d6000000)
  object space 516096K, 84% used [0x0000000082000000,0x000000009cbed9e0,0x00000000a1800000)
 Metaspace       used 297814K, capacity 300540K, committed 300928K, reserved 1314816K
  class space    used 35933K, capacity 36468K, committed 36480K, reserved 1048576K
}
Event: 5254.605 GC heap before
{Heap before GC invocations=56 (full 7):
 PSYoungGen      total 585728K, used 526247K [0x00000000d6000000, 0x00000000ff580000, 0x0000000100000000)
  eden space 496128K, 100% used [0x00000000d6000000,0x00000000f4480000,0x00000000f4480000)
  from space 89600K, 33% used [0x00000000f9e00000,0x00000000fbb69fb0,0x00000000ff580000)
  to   space 90624K, 0% used [0x00000000f4480000,0x00000000f4480000,0x00000000f9d00000)
 ParOldGen       total 516096K, used 438198K [0x0000000082000000, 0x00000000a1800000, 0x00000000d6000000)
  object space 516096K, 84% used [0x0000000082000000,0x000000009cbed9e0,0x00000000a1800000)
 Metaspace       used 300680K, capacity 303412K, committed 303872K, reserved 1316864K
  class space    used 36279K, capacity 36824K, committed 36864K, reserved 1048576K
Event: 5254.711 GC heap after
Heap after GC invocations=56 (full 7):
 PSYoungGen      total 586752K, used 49442K [0x00000000d6000000, 0x00000000ffe00000, 0x0000000100000000)
  eden space 496128K, 0% used [0x00000000d6000000,0x00000000d6000000,0x00000000f4480000)
  from space 90624K, 54% used [0x00000000f4480000,0x00000000f74c8a28,0x00000000f9d00000)
  to   space 89088K, 0% used [0x00000000fa700000,0x00000000fa700000,0x00000000ffe00000)
 ParOldGen       total 516096K, used 438286K [0x0000000082000000, 0x00000000a1800000, 0x00000000d6000000)
  object space 516096K, 84% used [0x0000000082000000,0x000000009cc03a08,0x00000000a1800000)
 Metaspace       used 300680K, capacity 303412K, committed 303872K, reserved 1316864K
  class space    used 36279K, capacity 36824K, committed 36864K, reserved 1048576K
}
Event: 5259.958 GC heap before
{Heap before GC invocations=57 (full 7):
 PSYoungGen      total 586752K, used 545570K [0x00000000d6000000, 0x00000000ffe00000, 0x0000000100000000)
  eden space 496128K, 100% used [0x00000000d6000000,0x00000000f4480000,0x00000000f4480000)
  from space 90624K, 54% used [0x00000000f4480000,0x00000000f74c8a28,0x00000000f9d00000)
  to   space 89088K, 0% used [0x00000000fa700000,0x00000000fa700000,0x00000000ffe00000)
 ParOldGen       total 516096K, used 438286K [0x0000000082000000, 0x00000000a1800000, 0x00000000d6000000)
  object space 516096K, 84% used [0x0000000082000000,0x000000009cc03a08,0x00000000a1800000)
 Metaspace       used 309222K, capacity 312180K, committed 312448K, reserved 1323008K
  class space    used 37581K, capacity 38152K, committed 38272K, reserved 1048576K
Event: 5260.063 GC heap after
Heap after GC invocations=57 (full 7):
 PSYoungGen      total 594944K, used 60051K [0x00000000d6000000, 0x0000000100000000, 0x0000000100000000)
  eden space 505856K, 0% used [0x00000000d6000000,0x00000000d6000000,0x00000000f4e00000)
  from space 89088K, 67% used [0x00000000fa700000,0x00000000fe1a4e50,0x00000000ffe00000)
  to   space 91136K, 0% used [0x00000000f4e00000,0x00000000f4e00000,0x00000000fa700000)
 ParOldGen       total 516096K, used 451959K [0x0000000082000000, 0x00000000a1800000, 0x00000000d6000000)
  object space 516096K, 87% used [0x0000000082000000,0x000000009d95dcb0,0x00000000a1800000)
 Metaspace       used 309222K, capacity 312180K, committed 312448K, reserved 1323008K
  class space    used 37581K, capacity 38152K, committed 38272K, reserved 1048576K
}
Event: 5264.969 GC heap before
{Heap before GC invocations=58 (full 7):
 PSYoungGen      total 594944K, used 565907K [0x00000000d6000000, 0x0000000100000000, 0x0000000100000000)
  eden space 505856K, 100% used [0x00000000d6000000,0x00000000f4e00000,0x00000000f4e00000)
  from space 89088K, 67% used [0x00000000fa700000,0x00000000fe1a4e50,0x00000000ffe00000)
  to   space 91136K, 0% used [0x00000000f4e00000,0x00000000f4e00000,0x00000000fa700000)
 ParOldGen       total 516096K, used 451959K [0x0000000082000000, 0x00000000a1800000, 0x00000000d6000000)
  object space 516096K, 87% used [0x0000000082000000,0x000000009d95dcb0,0x00000000a1800000)
 Metaspace       used 320037K, capacity 323058K, committed 323456K, reserved 1333248K
  class space    used 38852K, capacity 39453K, committed 39552K, reserved 1048576K
Event: 5265.040 GC heap after
Heap after GC invocations=58 (full 7):
 PSYoungGen      total 596992K, used 22362K [0x00000000d6000000, 0x0000000100000000, 0x0000000100000000)
  eden space 505856K, 0% used [0x00000000d6000000,0x00000000d6000000,0x00000000f4e00000)
  from space 91136K, 24% used [0x00000000f4e00000,0x00000000f63d6820,0x00000000fa700000)
  to   space 90112K, 0% used [0x00000000fa800000,0x00000000fa800000,0x0000000100000000)
 ParOldGen       total 516096K, used 506588K [0x0000000082000000, 0x00000000a1800000, 0x00000000d6000000)
  object space 516096K, 98% used [0x0000000082000000,0x00000000a0eb70b8,0x00000000a1800000)
 Metaspace       used 320037K, capacity 323058K, committed 323456K, reserved 1333248K
  class space    used 38852K, capacity 39453K, committed 39552K, reserved 1048576K
}
Event: 5265.040 GC heap before
{Heap before GC invocations=59 (full 8):
 PSYoungGen      total 596992K, used 22362K [0x00000000d6000000, 0x0000000100000000, 0x0000000100000000)
  eden space 505856K, 0% used [0x00000000d6000000,0x00000000d6000000,0x00000000f4e00000)
  from space 91136K, 24% used [0x00000000f4e00000,0x00000000f63d6820,0x00000000fa700000)
  to   space 90112K, 0% used [0x00000000fa800000,0x00000000fa800000,0x0000000100000000)
 ParOldGen       total 516096K, used 506588K [0x0000000082000000, 0x00000000a1800000, 0x00000000d6000000)
  object space 516096K, 98% used [0x0000000082000000,0x00000000a0eb70b8,0x00000000a1800000)
 Metaspace       used 320037K, capacity 323058K, committed 323456K, reserved 1333248K
  class space    used 38852K, capacity 39453K, committed 39552K, reserved 1048576K

