# JRE version: Java(TM) SE Runtime Environment (8.0_112-b15) (build 1.8.0_112-b15)
# Java VM: Java HotSpot(TM) 64-Bit Server VM (25.112-b15 mixed mode windows-amd64 compressed oops)
Heap:
 PSYoungGen      total 282112K, used 54970K [0x00000000eb100000, 0x0000000100000000, 0x0000000100000000)
  eden space 225280K, 12% used [0x00000000eb100000,0x00000000ecc3e1a0,0x00000000f8d00000)
  from space 56832K, 47% used [0x00000000fc280000,0x00000000fdcf07c0,0x00000000ffa00000)
  to   space 54784K, 0% used [0x00000000f8d00000,0x00000000f8d00000,0x00000000fc280000)
 ParOldGen       total 270848K, used 178806K [0x00000000c1200000, 0x00000000d1a80000, 0x00000000eb100000)
  object space 270848K, 66% used [0x00000000c1200000,0x00000000cc09dae8,0x00000000d1a80000)
 Metaspace       used 79398K, capacity 80250K, committed 80432K, reserved 1120256K
  class space    used 9306K, capacity 9497K, committed 9520K, reserved 1048576K
GC Heap History (10 events):
Event: 38.768 GC heap before
{Heap before GC invocations=32 (full 6):
 PSYoungGen      total 278528K, used 9340K [0x00000000eb100000, 0x00000000ffa00000, 0x0000000100000000)
  eden space 223232K, 0% used [0x00000000eb100000,0x00000000eb100000,0x00000000f8b00000)
  from space 55296K, 16% used [0x00000000fc400000,0x00000000fcd1f048,0x00000000ffa00000)
  to   space 56832K, 0% used [0x00000000f8b00000,0x00000000f8b00000,0x00000000fc280000)
 ParOldGen       total 270848K, used 170394K [0x00000000c1200000, 0x00000000d1a80000, 0x00000000eb100000)
  object space 270848K, 62% used [0x00000000c1200000,0x00000000cb866920,0x00000000d1a80000)
 Metaspace       used 71073K, capacity 71874K, committed 72112K, reserved 1112064K
  class space    used 8400K, capacity 8577K, committed 8624K, reserved 1048576K
Event: 39.723 GC heap after
Heap after GC invocations=32 (full 6):
 PSYoungGen      total 278528K, used 0K [0x00000000eb100000, 0x00000000ffa00000, 0x0000000100000000)
  eden space 223232K, 0% used [0x00000000eb100000,0x00000000eb100000,0x00000000f8b00000)
  from space 55296K, 0% used [0x00000000fc400000,0x00000000fc400000,0x00000000ffa00000)
  to   space 56832K, 0% used [0x00000000f8b00000,0x00000000f8b00000,0x00000000fc280000)
 ParOldGen       total 270848K, used 178790K [0x00000000c1200000, 0x00000000d1a80000, 0x00000000eb100000)
  object space 270848K, 66% used [0x00000000c1200000,0x00000000cc099ae8,0x00000000d1a80000)
 Metaspace       used 71069K, capacity 71868K, committed 72112K, reserved 1112064K
  class space    used 8399K, capacity 8576K, committed 8624K, reserved 1048576K
}
Event: 61.997 GC heap before
{Heap before GC invocations=33 (full 6):
 PSYoungGen      total 278528K, used 223232K [0x00000000eb100000, 0x00000000ffa00000, 0x0000000100000000)
  eden space 223232K, 100% used [0x00000000eb100000,0x00000000f8b00000,0x00000000f8b00000)
  from space 55296K, 0% used [0x00000000fc400000,0x00000000fc400000,0x00000000ffa00000)
  to   space 56832K, 0% used [0x00000000f8b00000,0x00000000f8b00000,0x00000000fc280000)
 ParOldGen       total 270848K, used 178790K [0x00000000c1200000, 0x00000000d1a80000, 0x00000000eb100000)
  object space 270848K, 66% used [0x00000000c1200000,0x00000000cc099ae8,0x00000000d1a80000)
 Metaspace       used 79072K, capacity 79936K, committed 80176K, reserved 1120256K
  class space    used 9297K, capacity 9488K, committed 9520K, reserved 1048576K
Event: 62.064 GC heap after
Heap after GC invocations=33 (full 6):
 PSYoungGen      total 280064K, used 43216K [0x00000000eb100000, 0x0000000100000000, 0x0000000100000000)
  eden space 223232K, 0% used [0x00000000eb100000,0x00000000eb100000,0x00000000f8b00000)
  from space 56832K, 76% used [0x00000000f8b00000,0x00000000fb5340f0,0x00000000fc280000)
  to   space 61440K, 0% used [0x00000000fc400000,0x00000000fc400000,0x0000000100000000)
 ParOldGen       total 270848K, used 178798K [0x00000000c1200000, 0x00000000d1a80000, 0x00000000eb100000)
  object space 270848K, 66% used [0x00000000c1200000,0x00000000cc09bae8,0x00000000d1a80000)
 Metaspace       used 79072K, capacity 79936K, committed 80176K, reserved 1120256K
  class space    used 9297K, capacity 9488K, committed 9520K, reserved 1048576K
}
Event: 68.295 GC heap before
{Heap before GC invocations=34 (full 6):
 PSYoungGen      total 280064K, used 266448K [0x00000000eb100000, 0x0000000100000000, 0x0000000100000000)
  eden space 223232K, 100% used [0x00000000eb100000,0x00000000f8b00000,0x00000000f8b00000)
  from space 56832K, 76% used [0x00000000f8b00000,0x00000000fb5340f0,0x00000000fc280000)
  to   space 61440K, 0% used [0x00000000fc400000,0x00000000fc400000,0x0000000100000000)
 ParOldGen       total 270848K, used 178798K [0x00000000c1200000, 0x00000000d1a80000, 0x00000000eb100000)
  object space 270848K, 66% used [0x00000000c1200000,0x00000000cc09bae8,0x00000000d1a80000)
 Metaspace       used 79300K, capacity 80186K, committed 80432K, reserved 1120256K
  class space    used 9306K, capacity 9497K, committed 9520K, reserved 1048576K
Event: 68.326 GC heap after
Heap after GC invocations=34 (full 6):
 PSYoungGen      total 283648K, used 27049K [0x00000000eb100000, 0x00000000fff80000, 0x0000000100000000)
  eden space 222720K, 0% used [0x00000000eb100000,0x00000000eb100000,0x00000000f8a80000)
  from space 60928K, 44% used [0x00000000fc400000,0x00000000fde6a468,0x00000000fff80000)
  to   space 58880K, 0% used [0x00000000f8a80000,0x00000000f8a80000,0x00000000fc400000)
 ParOldGen       total 270848K, used 178798K [0x00000000c1200000, 0x00000000d1a80000, 0x00000000eb100000)
  object space 270848K, 66% used [0x00000000c1200000,0x00000000cc09bae8,0x00000000d1a80000)
 Metaspace       used 79300K, capacity 80186K, committed 80432K, reserved 1120256K
  class space    used 9306K, capacity 9497K, committed 9520K, reserved 1048576K
}
Event: 75.163 GC heap before
{Heap before GC invocations=35 (full 6):
 PSYoungGen      total 283648K, used 249769K [0x00000000eb100000, 0x00000000fff80000, 0x0000000100000000)
  eden space 222720K, 100% used [0x00000000eb100000,0x00000000f8a80000,0x00000000f8a80000)
  from space 60928K, 44% used [0x00000000fc400000,0x00000000fde6a468,0x00000000fff80000)
  to   space 58880K, 0% used [0x00000000f8a80000,0x00000000f8a80000,0x00000000fc400000)
 ParOldGen       total 270848K, used 178798K [0x00000000c1200000, 0x00000000d1a80000, 0x00000000eb100000)
  object space 270848K, 66% used [0x00000000c1200000,0x00000000cc09bae8,0x00000000d1a80000)
 Metaspace       used 79375K, capacity 80250K, committed 80432K, reserved 1120256K
  class space    used 9306K, capacity 9497K, committed 9520K, reserved 1048576K
Event: 75.201 GC heap after
Heap after GC invocations=35 (full 6):
 PSYoungGen      total 249856K, used 27049K [0x00000000eb100000, 0x00000000ffa00000, 0x0000000100000000)
  eden space 222720K, 0% used [0x00000000eb100000,0x00000000eb100000,0x00000000f8a80000)
  from space 27136K, 99% used [0x00000000f8a80000,0x00000000fa4ea730,0x00000000fa500000)
  to   space 56832K, 0% used [0x00000000fc280000,0x00000000fc280000,0x00000000ffa00000)
 ParOldGen       total 270848K, used 178806K [0x00000000c1200000, 0x00000000d1a80000, 0x00000000eb100000)
  object space 270848K, 66% used [0x00000000c1200000,0x00000000cc09dae8,0x00000000d1a80000)
 Metaspace       used 79375K, capacity 80250K, committed 80432K, reserved 1120256K
  class space    used 9306K, capacity 9497K, committed 9520K, reserved 1048576K
}
Event: 82.001 GC heap before
{Heap before GC invocations=36 (full 6):
 PSYoungGen      total 249856K, used 249769K [0x00000000eb100000, 0x00000000ffa00000, 0x0000000100000000)
  eden space 222720K, 100% used [0x00000000eb100000,0x00000000f8a80000,0x00000000f8a80000)
  from space 27136K, 99% used [0x00000000f8a80000,0x00000000fa4ea730,0x00000000fa500000)
  to   space 56832K, 0% used [0x00000000fc280000,0x00000000fc280000,0x00000000ffa00000)
 ParOldGen       total 270848K, used 178806K [0x00000000c1200000, 0x00000000d1a80000, 0x00000000eb100000)
  object space 270848K, 66% used [0x00000000c1200000,0x00000000cc09dae8,0x00000000d1a80000)
 Metaspace       used 79397K, capacity 80250K, committed 80432K, reserved 1120256K
  class space    used 9306K, capacity 9497K, committed 9520K, reserved 1048576K
Event: 82.032 GC heap after
Heap after GC invocations=36 (full 6):
 PSYoungGen      total 282112K, used 27073K [0x00000000eb100000, 0x0000000100000000, 0x0000000100000000)
  eden space 225280K, 0% used [0x00000000eb100000,0x00000000eb100000,0x00000000f8d00000)
  from space 56832K, 47% used [0x00000000fc280000,0x00000000fdcf07c0,0x00000000ffa00000)
  to   space 54784K, 0% used [0x00000000f8d00000,0x00000000f8d00000,0x00000000fc280000)
 ParOldGen       total 270848K, used 178806K [0x00000000c1200000, 0x00000000d1a80000, 0x00000000eb100000)
  object space 270848K, 66% used [0x00000000c1200000,0x00000000cc09dae8,0x00000000d1a80000)
 Metaspace       used 79397K, capacity 80250K, committed 80432K, reserved 1120256K
  class space    used 9306K, capacity 9497K, committed 9520K, reserved 1048576K
}

